Determining if the pthread_create exist failed with the following output:
Change Dir: /home/xuxiaowei/workspace_ros/ROS_study_workSpace/ROS_Learning/build/CMakeFiles/CMakeTmp

Run Build Command:"/usr/bin/make" "cmTC_ed384/fast"
/usr/bin/make -f CMakeFiles/cmTC_ed384.dir/build.make CMakeFiles/cmTC_ed384.dir/build
make[1]: 进入目录“/home/xuxiaowei/workspace_ros/ROS_study_workSpace/ROS_Learning/build/CMakeFiles/CMakeTmp”
Building C object CMakeFiles/cmTC_ed384.dir/CheckSymbolExists.c.o
/usr/bin/cc    -o CMakeFiles/cmTC_ed384.dir/CheckSymbolExists.c.o   -c /home/xuxiaowei/workspace_ros/ROS_study_workSpace/ROS_Learning/build/CMakeFiles/CMakeTmp/CheckSymbolExists.c
Linking C executable cmTC_ed384
/usr/bin/cmake -E cmake_link_script CMakeFiles/cmTC_ed384.dir/link.txt --verbose=1
/usr/bin/cc      -rdynamic CMakeFiles/cmTC_ed384.dir/CheckSymbolExists.c.o  -o cmTC_ed384 
CMakeFiles/cmTC_ed384.dir/CheckSymbolExists.c.o：在函数‘main’中：
CheckSymbolExists.c:(.text+0x1b)：对‘pthread_create’未定义的引用
collect2: error: ld returned 1 exit status
CMakeFiles/cmTC_ed384.dir/build.make:97: recipe for target 'cmTC_ed384' failed
make[1]: *** [cmTC_ed384] Error 1
make[1]: 离开目录“/home/xuxiaowei/workspace_ros/ROS_study_workSpace/ROS_Learning/build/CMakeFiles/CMakeTmp”
Makefile:126: recipe for target 'cmTC_ed384/fast' failed
make: *** [cmTC_ed384/fast] Error 2

File /home/xuxiaowei/workspace_ros/ROS_study_workSpace/ROS_Learning/build/CMakeFiles/CMakeTmp/CheckSymbolExists.c:
/* */
#include <pthread.h>

int main(int argc, char** argv)
{
  (void)argv;
#ifndef pthread_create
  return ((int*)(&pthread_create))[argc];
#else
  (void)argc;
  return 0;
#endif
}

Determining if the function pthread_create exists in the pthreads failed with the following output:
Change Dir: /home/xuxiaowei/workspace_ros/ROS_study_workSpace/ROS_Learning/build/CMakeFiles/CMakeTmp

Run Build Command:"/usr/bin/make" "cmTC_64f9a/fast"
/usr/bin/make -f CMakeFiles/cmTC_64f9a.dir/build.make CMakeFiles/cmTC_64f9a.dir/build
make[1]: 进入目录“/home/xuxiaowei/workspace_ros/ROS_study_workSpace/ROS_Learning/build/CMakeFiles/CMakeTmp”
Building C object CMakeFiles/cmTC_64f9a.dir/CheckFunctionExists.c.o
/usr/bin/cc   -DCHECK_FUNCTION_EXISTS=pthread_create   -o CMakeFiles/cmTC_64f9a.dir/CheckFunctionExists.c.o   -c /usr/share/cmake-3.10/Modules/CheckFunctionExists.c
Linking C executable cmTC_64f9a
/usr/bin/cmake -E cmake_link_script CMakeFiles/cmTC_64f9a.dir/link.txt --verbose=1
/usr/bin/cc  -DCHECK_FUNCTION_EXISTS=pthread_create    -rdynamic CMakeFiles/cmTC_64f9a.dir/CheckFunctionExists.c.o  -o cmTC_64f9a -lpthreads 
/usr/bin/ld: 找不到 -lpthreads
collect2: error: ld returned 1 exit status
CMakeFiles/cmTC_64f9a.dir/build.make:97: recipe for target 'cmTC_64f9a' failed
make[1]: *** [cmTC_64f9a] Error 1
make[1]: 离开目录“/home/xuxiaowei/workspace_ros/ROS_study_workSpace/ROS_Learning/build/CMakeFiles/CMakeTmp”
Makefile:126: recipe for target 'cmTC_64f9a/fast' failed
make: *** [cmTC_64f9a/fast] Error 2


